# Logfile created on Mon Mar 31 17:07:11 -0400 2008 by /
  [4;36;1mSQL (0.000000)[0m   [0;1mSET SQL_AUTO_IS_NULL=0[0m
  [4;35;1mSQL (0.000000)[0m   [0mMysql::Error: Table 'schema_info' already exists: CREATE TABLE schema_info (version int(11))[0m
  [4;36;1mSQL (0.000000)[0m   [0;1mMysql::Error: Table 'schema_info' already exists: CREATE TABLE schema_info (version int(11))[0m
  [4;35;1mSQL (0.015000)[0m   [0mSELECT version FROM schema_info[0m
  [4;36;1mSQL (0.000000)[0m   [0;1mSELECT version FROM schema_info[0m
  [4;35;1mSQL (0.000000)[0m   [0mSELECT version FROM schema_info[0m
  [4;36;1mSQL (0.000000)[0m   [0;1mSELECT version FROM schema_info[0m
  [4;35;1mSQL (0.000000)[0m   [0mSELECT version FROM schema_info[0m
  [4;36;1mSQL (0.000000)[0m   [0;1mSELECT version FROM schema_info[0m
  [4;35;1mSQL (0.000000)[0m   [0mSELECT version FROM schema_info[0m
  [4;36;1mSQL (0.000000)[0m   [0;1mSELECT version FROM schema_info[0m
  [4;35;1mSQL (0.000000)[0m   [0mSELECT version FROM schema_info[0m
  [4;36;1mSQL (0.000000)[0m   [0;1mSELECT version FROM schema_info[0m
  [4;35;1mSQL (0.000000)[0m   [0mSELECT version FROM schema_info[0m
  [4;36;1mSQL (0.000000)[0m   [0;1mSELECT version FROM schema_info[0m
  [4;35;1mSQL (0.000000)[0m   [0mSELECT version FROM schema_info[0m
  [4;36;1mSQL (0.000000)[0m   [0;1mSELECT version FROM schema_info[0m
  [4;35;1mSQL (0.000000)[0m   [0mSELECT version FROM schema_info[0m
  [4;36;1mSQL (0.000000)[0m   [0;1mSELECT version FROM schema_info[0m
  [4;35;1mSQL (0.000000)[0m   [0mSELECT version FROM schema_info[0m
  [4;36;1mSQL (0.000000)[0m   [0;1mSELECT version FROM schema_info[0m
  [4;35;1mSQL (0.000000)[0m   [0mSELECT version FROM schema_info[0m
  [4;36;1mSQL (0.000000)[0m   [0;1mSELECT version FROM schema_info[0m
  [4;35;1mSQL (0.000000)[0m   [0mSELECT version FROM schema_info[0m
  [4;36;1mSQL (0.000000)[0m   [0;1mSELECT version FROM schema_info[0m
  [4;35;1mSQL (0.000000)[0m   [0mSELECT version FROM schema_info[0m
  [4;36;1mSQL (0.000000)[0m   [0;1mSELECT version FROM schema_info[0m
  [4;35;1mSQL (0.000000)[0m   [0mSELECT version FROM schema_info[0m
  [4;36;1mSQL (0.000000)[0m   [0;1mSELECT version FROM schema_info[0m
  [4;35;1mSQL (0.000000)[0m   [0mSELECT version FROM schema_info[0m
  [4;36;1mSQL (0.000000)[0m   [0;1mSELECT version FROM schema_info[0m
  [4;35;1mSQL (0.000000)[0m   [0mSELECT version FROM schema_info[0m
  [4;36;1mSQL (0.000000)[0m   [0;1mSELECT version FROM schema_info[0m
  [4;35;1mSQL (0.000000)[0m   [0mSELECT version FROM schema_info[0m
  [4;36;1mSQL (0.000000)[0m   [0;1mSELECT version FROM schema_info[0m
  [4;35;1mSQL (0.000000)[0m   [0mSELECT version FROM schema_info[0m
  [4;36;1mSQL (0.000000)[0m   [0;1mSELECT version FROM schema_info[0m
  [4;35;1mSQL (0.000000)[0m   [0mSELECT version FROM schema_info[0m
Migrating to AddBatchSubmitted (35)
  [4;36;1mSQL (0.047000)[0m   [0;1mALTER TABLE eft_batches ADD `submitted` varchar(255) DEFAULT '--- {}\n\n'[0m
  [4;35;1mSQL (0.016000)[0m   [0mUPDATE schema_info SET version = 35[0m
  [4;36;1mSQL (0.000000)[0m   [0;1mSELECT * FROM schema_info[0m
  [4;35;1mSQL (0.000000)[0m   [0mSHOW TABLES[0m
  [4;36;1mSQL (0.016000)[0m   [0;1mSHOW FIELDS FROM admins[0m
  [4;35;1mSQL (0.000000)[0m   [0mSHOW KEYS FROM admins[0m
  [4;36;1mSQL (0.016000)[0m   [0;1mSHOW FIELDS FROM direct_deposit_authorizations[0m
  [4;35;1mSQL (0.000000)[0m   [0mSHOW KEYS FROM direct_deposit_authorizations[0m
  [4;36;1mSQL (0.000000)[0m   [0;1mSHOW FIELDS FROM eft_batches[0m
  [4;35;1mSQL (0.000000)[0m   [0mSHOW KEYS FROM eft_batches[0m
  [4;36;1mSQL (0.015000)[0m   [0;1mSHOW FIELDS FROM form_instances[0m
  [4;35;1mSQL (0.000000)[0m   [0mSHOW KEYS FROM form_instances[0m
  [4;36;1mSQL (0.016000)[0m   [0;1mSHOW FIELDS FROM form_types[0m
  [4;35;1mSQL (0.016000)[0m   [0mSHOW KEYS FROM form_types[0m
  [4;36;1mSQL (0.031000)[0m   [0;1mSHOW FIELDS FROM goto_transactions[0m
  [4;35;1mSQL (0.000000)[0m   [0mSHOW KEYS FROM goto_transactions[0m
  [4;36;1mSQL (0.047000)[0m   [0;1mSHOW FIELDS FROM handbook_acknowledgements[0m
  [4;35;1mSQL (0.000000)[0m   [0mSHOW KEYS FROM handbook_acknowledgements[0m
  [4;36;1mSQL (0.000000)[0m   [0;1mSHOW FIELDS FROM incident_reports[0m
  [4;35;1mSQL (0.015000)[0m   [0mSHOW KEYS FROM incident_reports[0m
  [4;36;1mSQL (0.000000)[0m   [0;1mSHOW FIELDS FROM inventory_line_items[0m
  [4;35;1mSQL (0.000000)[0m   [0mSHOW KEYS FROM inventory_line_items[0m
  [4;36;1mSQL (0.016000)[0m   [0;1mSHOW FIELDS FROM inventory_reports[0m
  [4;35;1mSQL (0.094000)[0m   [0mSHOW KEYS FROM inventory_reports[0m
  [4;36;1mSQL (0.015000)[0m   [0;1mSHOW FIELDS FROM logs[0m
  [4;35;1mSQL (0.000000)[0m   [0mSHOW KEYS FROM logs[0m
  [4;36;1mSQL (0.016000)[0m   [0;1mSHOW FIELDS FROM manager_reports[0m
  [4;35;1mSQL (0.000000)[0m   [0mSHOW KEYS FROM manager_reports[0m
  [4;36;1mSQL (0.016000)[0m   [0;1mSHOW FIELDS FROM notes[0m
  [4;35;1mSQL (0.000000)[0m   [0mSHOW KEYS FROM notes[0m
  [4;36;1mSQL (0.015000)[0m   [0;1mSHOW FIELDS FROM notice_of_terminations[0m
  [4;35;1mSQL (0.000000)[0m   [0mSHOW KEYS FROM notice_of_terminations[0m
  [4;36;1mSQL (0.016000)[0m   [0;1mSHOW FIELDS FROM pending_efts[0m
  [4;35;1mSQL (0.000000)[0m   [0mSHOW KEYS FROM pending_efts[0m
  [4;36;1mSQL (0.015000)[0m   [0;1mSHOW FIELDS FROM performance_reviews[0m
  [4;35;1mSQL (0.000000)[0m   [0mSHOW KEYS FROM performance_reviews[0m
  [4;36;1mSQL (0.016000)[0m   [0;1mSHOW FIELDS FROM posts[0m
  [4;35;1mSQL (0.000000)[0m   [0mSHOW KEYS FROM posts[0m
  [4;36;1mSQL (0.016000)[0m   [0;1mSHOW FIELDS FROM sales_reports[0m
  [4;35;1mSQL (0.000000)[0m   [0mSHOW KEYS FROM sales_reports[0m
  [4;36;1mSQL (0.015000)[0m   [0;1mSHOW FIELDS FROM satellite_statuses[0m
  [4;35;1mSQL (0.063000)[0m   [0mSHOW KEYS FROM satellite_statuses[0m
  [4;36;1mSQL (0.031000)[0m   [0;1mSHOW FIELDS FROM stores[0m
  [4;35;1mSQL (0.000000)[0m   [0mSHOW KEYS FROM stores[0m
  [4;36;1mSQL (0.000000)[0m   [0;1mSHOW FIELDS FROM time_off_requests[0m
  [4;35;1mSQL (0.015000)[0m   [0mSHOW KEYS FROM time_off_requests[0m
  [4;36;1mSQL (0.047000)[0m   [0;1mSHOW FIELDS FROM users[0m
  [4;35;1mSQL (0.000000)[0m   [0mSHOW KEYS FROM users[0m
  [4;36;1mSQL (0.031000)[0m   [0;1mSHOW FIELDS FROM verbal_warnings[0m
  [4;35;1mSQL (0.000000)[0m   [0mSHOW KEYS FROM verbal_warnings[0m
  [4;36;1mSQL (0.094000)[0m   [0;1mSHOW FIELDS FROM wildcard_forms[0m
  [4;35;1mSQL (0.000000)[0m   [0mSHOW KEYS FROM wildcard_forms[0m
  [4;36;1mSQL (0.016000)[0m   [0;1mSHOW FIELDS FROM written_warnings[0m
  [4;35;1mSQL (0.000000)[0m   [0mSHOW KEYS FROM written_warnings[0m
  [4;36;1mSQL (0.000000)[0m   [0;1mSET SQL_AUTO_IS_NULL=0[0m
  [4;35;1mSQL (0.000000)[0m   [0mMysql::Error: Table 'schema_info' already exists: CREATE TABLE schema_info (version int(11))[0m
  [4;36;1mSQL (0.000000)[0m   [0;1mMysql::Error: Table 'schema_info' already exists: CREATE TABLE schema_info (version int(11))[0m
  [4;35;1mSQL (0.016000)[0m   [0mSELECT version FROM schema_info[0m
  [4;36;1mSQL (0.000000)[0m   [0;1mSELECT version FROM schema_info[0m
  [4;35;1mSQL (0.000000)[0m   [0mSELECT version FROM schema_info[0m
  [4;36;1mSQL (0.000000)[0m   [0;1mSELECT version FROM schema_info[0m
  [4;35;1mSQL (0.015000)[0m   [0mSELECT version FROM schema_info[0m
  [4;36;1mSQL (0.000000)[0m   [0;1mSELECT version FROM schema_info[0m
  [4;35;1mSQL (0.000000)[0m   [0mSELECT version FROM schema_info[0m
  [4;36;1mSQL (0.000000)[0m   [0;1mSELECT version FROM schema_info[0m
  [4;35;1mSQL (0.000000)[0m   [0mSELECT version FROM schema_info[0m
  [4;36;1mSQL (0.000000)[0m   [0;1mSELECT version FROM schema_info[0m
  [4;35;1mSQL (0.000000)[0m   [0mSELECT version FROM schema_info[0m
  [4;36;1mSQL (0.000000)[0m   [0;1mSELECT version FROM schema_info[0m
  [4;35;1mSQL (0.000000)[0m   [0mSELECT version FROM schema_info[0m
  [4;36;1mSQL (0.000000)[0m   [0;1mSELECT version FROM schema_info[0m
  [4;35;1mSQL (0.000000)[0m   [0mSELECT version FROM schema_info[0m
  [4;36;1mSQL (0.000000)[0m   [0;1mSELECT version FROM schema_info[0m
  [4;35;1mSQL (0.000000)[0m   [0mSELECT version FROM schema_info[0m
  [4;36;1mSQL (0.000000)[0m   [0;1mSELECT version FROM schema_info[0m
  [4;35;1mSQL (0.000000)[0m   [0mSELECT version FROM schema_info[0m
  [4;36;1mSQL (0.000000)[0m   [0;1mSELECT version FROM schema_info[0m
  [4;35;1mSQL (0.000000)[0m   [0mSELECT version FROM schema_info[0m
  [4;36;1mSQL (0.000000)[0m   [0;1mSELECT version FROM schema_info[0m
  [4;35;1mSQL (0.000000)[0m   [0mSELECT version FROM schema_info[0m
  [4;36;1mSQL (0.000000)[0m   [0;1mSELECT version FROM schema_info[0m
  [4;35;1mSQL (0.000000)[0m   [0mSELECT version FROM schema_info[0m
  [4;36;1mSQL (0.000000)[0m   [0;1mSELECT version FROM schema_info[0m
  [4;35;1mSQL (0.000000)[0m   [0mSELECT version FROM schema_info[0m
  [4;36;1mSQL (0.000000)[0m   [0;1mSELECT version FROM schema_info[0m
  [4;35;1mSQL (0.000000)[0m   [0mSELECT version FROM schema_info[0m
  [4;36;1mSQL (0.000000)[0m   [0;1mSELECT version FROM schema_info[0m
  [4;35;1mSQL (0.000000)[0m   [0mSELECT version FROM schema_info[0m
  [4;36;1mSQL (0.000000)[0m   [0;1mSELECT version FROM schema_info[0m
  [4;35;1mSQL (0.000000)[0m   [0mSELECT version FROM schema_info[0m
  [4;36;1mSQL (0.000000)[0m   [0;1mSELECT version FROM schema_info[0m
  [4;35;1mSQL (0.000000)[0m   [0mSELECT version FROM schema_info[0m
  [4;36;1mSQL (0.000000)[0m   [0;1mSELECT version FROM schema_info[0m
Migrating to AddServerErrors (36)
  [4;35;1mSQL (2.453000)[0m   [0mALTER TABLE goto_transactions ADD `server_error` varchar(255)[0m
  [4;36;1mSQL (0.000000)[0m   [0;1mUPDATE schema_info SET version = 36[0m
  [4;35;1mSQL (0.000000)[0m   [0mSELECT * FROM schema_info[0m
  [4;36;1mSQL (0.000000)[0m   [0;1mSHOW TABLES[0m
  [4;35;1mSQL (0.016000)[0m   [0mSHOW FIELDS FROM admins[0m
  [4;36;1mSQL (0.000000)[0m   [0;1mSHOW KEYS FROM admins[0m
  [4;35;1mSQL (0.031000)[0m   [0mSHOW FIELDS FROM direct_deposit_authorizations[0m
  [4;36;1mSQL (0.000000)[0m   [0;1mSHOW KEYS FROM direct_deposit_authorizations[0m
  [4;35;1mSQL (0.063000)[0m   [0mSHOW FIELDS FROM eft_batches[0m
  [4;36;1mSQL (0.000000)[0m   [0;1mSHOW KEYS FROM eft_batches[0m
  [4;35;1mSQL (0.015000)[0m   [0mSHOW FIELDS FROM form_instances[0m
  [4;36;1mSQL (0.000000)[0m   [0;1mSHOW KEYS FROM form_instances[0m
  [4;35;1mSQL (0.016000)[0m   [0mSHOW FIELDS FROM form_types[0m
  [4;36;1mSQL (0.000000)[0m   [0;1mSHOW KEYS FROM form_types[0m
  [4;35;1mSQL (0.000000)[0m   [0mSHOW FIELDS FROM goto_transactions[0m
  [4;36;1mSQL (0.000000)[0m   [0;1mSHOW KEYS FROM goto_transactions[0m
  [4;35;1mSQL (0.015000)[0m   [0mSHOW FIELDS FROM handbook_acknowledgements[0m
  [4;36;1mSQL (0.000000)[0m   [0;1mSHOW KEYS FROM handbook_acknowledgements[0m
  [4;35;1mSQL (0.016000)[0m   [0mSHOW FIELDS FROM incident_reports[0m
  [4;36;1mSQL (0.000000)[0m   [0;1mSHOW KEYS FROM incident_reports[0m
  [4;35;1mSQL (0.031000)[0m   [0mSHOW FIELDS FROM inventory_line_items[0m
  [4;36;1mSQL (0.000000)[0m   [0;1mSHOW KEYS FROM inventory_line_items[0m
  [4;35;1mSQL (0.031000)[0m   [0mSHOW FIELDS FROM inventory_reports[0m
  [4;36;1mSQL (0.094000)[0m   [0;1mSHOW KEYS FROM inventory_reports[0m
  [4;35;1mSQL (0.016000)[0m   [0mSHOW FIELDS FROM logs[0m
  [4;36;1mSQL (0.000000)[0m   [0;1mSHOW KEYS FROM logs[0m
  [4;35;1mSQL (0.015000)[0m   [0mSHOW FIELDS FROM manager_reports[0m
  [4;36;1mSQL (0.000000)[0m   [0;1mSHOW KEYS FROM manager_reports[0m
  [4;35;1mSQL (0.016000)[0m   [0mSHOW FIELDS FROM notes[0m
  [4;36;1mSQL (0.000000)[0m   [0;1mSHOW KEYS FROM notes[0m
  [4;35;1mSQL (0.031000)[0m   [0mSHOW FIELDS FROM notice_of_terminations[0m
  [4;36;1mSQL (0.000000)[0m   [0;1mSHOW KEYS FROM notice_of_terminations[0m
  [4;35;1mSQL (0.016000)[0m   [0mSHOW FIELDS FROM pending_efts[0m
  [4;36;1mSQL (0.000000)[0m   [0;1mSHOW KEYS FROM pending_efts[0m
  [4;35;1mSQL (0.015000)[0m   [0mSHOW FIELDS FROM performance_reviews[0m
  [4;36;1mSQL (0.000000)[0m   [0;1mSHOW KEYS FROM performance_reviews[0m
  [4;35;1mSQL (0.016000)[0m   [0mSHOW FIELDS FROM posts[0m
  [4;36;1mSQL (0.000000)[0m   [0;1mSHOW KEYS FROM posts[0m
  [4;35;1mSQL (0.016000)[0m   [0mSHOW FIELDS FROM sales_reports[0m
  [4;36;1mSQL (0.000000)[0m   [0;1mSHOW KEYS FROM sales_reports[0m
  [4;35;1mSQL (0.015000)[0m   [0mSHOW FIELDS FROM satellite_statuses[0m
  [4;36;1mSQL (0.063000)[0m   [0;1mSHOW KEYS FROM satellite_statuses[0m
  [4;35;1mSQL (0.015000)[0m   [0mSHOW FIELDS FROM stores[0m
  [4;36;1mSQL (0.000000)[0m   [0;1mSHOW KEYS FROM stores[0m
  [4;35;1mSQL (0.016000)[0m   [0mSHOW FIELDS FROM time_off_requests[0m
  [4;36;1mSQL (0.000000)[0m   [0;1mSHOW KEYS FROM time_off_requests[0m
  [4;35;1mSQL (0.031000)[0m   [0mSHOW FIELDS FROM users[0m
  [4;36;1mSQL (0.000000)[0m   [0;1mSHOW KEYS FROM users[0m
  [4;35;1mSQL (0.032000)[0m   [0mSHOW FIELDS FROM verbal_warnings[0m
  [4;36;1mSQL (0.000000)[0m   [0;1mSHOW KEYS FROM verbal_warnings[0m
  [4;35;1mSQL (0.031000)[0m   [0mSHOW FIELDS FROM wildcard_forms[0m
  [4;36;1mSQL (0.000000)[0m   [0;1mSHOW KEYS FROM wildcard_forms[0m
  [4;35;1mSQL (0.031000)[0m   [0mSHOW FIELDS FROM written_warnings[0m
  [4;36;1mSQL (0.000000)[0m   [0;1mSHOW KEYS FROM written_warnings[0m
  [4;36;1mSQL (0.000000)[0m   [0;1mSET SQL_AUTO_IS_NULL=0[0m
  [4;35;1mSQL (0.000000)[0m   [0mMysql::Error: Table 'schema_info' already exists: CREATE TABLE schema_info (version int(11))[0m
  [4;36;1mSQL (0.000000)[0m   [0;1mMysql::Error: Table 'schema_info' already exists: CREATE TABLE schema_info (version int(11))[0m
  [4;35;1mSQL (0.016000)[0m   [0mSELECT version FROM schema_info[0m
  [4;36;1mSQL (0.000000)[0m   [0;1mSELECT version FROM schema_info[0m
  [4;35;1mSQL (0.000000)[0m   [0mSELECT version FROM schema_info[0m
  [4;36;1mSQL (0.000000)[0m   [0;1mSELECT version FROM schema_info[0m
  [4;35;1mSQL (0.000000)[0m   [0mSELECT version FROM schema_info[0m
  [4;36;1mSQL (0.000000)[0m   [0;1mSELECT version FROM schema_info[0m
  [4;35;1mSQL (0.000000)[0m   [0mSELECT version FROM schema_info[0m
  [4;36;1mSQL (0.000000)[0m   [0;1mSELECT version FROM schema_info[0m
  [4;35;1mSQL (0.000000)[0m   [0mSELECT version FROM schema_info[0m
  [4;36;1mSQL (0.000000)[0m   [0;1mSELECT version FROM schema_info[0m
  [4;35;1mSQL (0.000000)[0m   [0mSELECT version FROM schema_info[0m
  [4;36;1mSQL (0.000000)[0m   [0;1mSELECT version FROM schema_info[0m
  [4;35;1mSQL (0.000000)[0m   [0mSELECT version FROM schema_info[0m
  [4;36;1mSQL (0.000000)[0m   [0;1mSELECT version FROM schema_info[0m
  [4;35;1mSQL (0.000000)[0m   [0mSELECT version FROM schema_info[0m
  [4;36;1mSQL (0.000000)[0m   [0;1mSELECT version FROM schema_info[0m
  [4;35;1mSQL (0.000000)[0m   [0mSELECT version FROM schema_info[0m
  [4;36;1mSQL (0.000000)[0m   [0;1mSELECT version FROM schema_info[0m
  [4;35;1mSQL (0.000000)[0m   [0mSELECT version FROM schema_info[0m
  [4;36;1mSQL (0.000000)[0m   [0;1mSELECT version FROM schema_info[0m
  [4;35;1mSQL (0.000000)[0m   [0mSELECT version FROM schema_info[0m
  [4;36;1mSQL (0.000000)[0m   [0;1mSELECT version FROM schema_info[0m
  [4;35;1mSQL (0.000000)[0m   [0mSELECT version FROM schema_info[0m
  [4;36;1mSQL (0.000000)[0m   [0;1mSELECT version FROM schema_info[0m
  [4;35;1mSQL (0.000000)[0m   [0mSELECT version FROM schema_info[0m
  [4;36;1mSQL (0.000000)[0m   [0;1mSELECT version FROM schema_info[0m
  [4;35;1mSQL (0.000000)[0m   [0mSELECT version FROM schema_info[0m
  [4;36;1mSQL (0.000000)[0m   [0;1mSELECT version FROM schema_info[0m
  [4;35;1mSQL (0.000000)[0m   [0mSELECT version FROM schema_info[0m
  [4;36;1mSQL (0.110000)[0m   [0;1mSELECT version FROM schema_info[0m
  [4;35;1mSQL (0.000000)[0m   [0mSELECT version FROM schema_info[0m
  [4;36;1mSQL (0.000000)[0m   [0;1mSELECT version FROM schema_info[0m
  [4;35;1mSQL (0.000000)[0m   [0mSELECT version FROM schema_info[0m
  [4;36;1mSQL (0.000000)[0m   [0;1mSELECT version FROM schema_info[0m
  [4;35;1mSQL (0.000000)[0m   [0mSELECT version FROM schema_info[0m
  [4;36;1mSQL (0.000000)[0m   [0;1mSELECT version FROM schema_info[0m
  [4;35;1mSQL (0.000000)[0m   [0mSELECT version FROM schema_info[0m
Migrating to AddAchSubmitted (37)
  [4;36;1mSQL (0.906000)[0m   [0;1mALTER TABLE goto_transactions ADD `ach_submitted` tinyint(1) DEFAULT 0[0m
  [4;35;1mSQL (0.016000)[0m   [0mUPDATE schema_info SET version = 37[0m
  [4;36;1mSQL (0.000000)[0m   [0;1mSELECT * FROM schema_info[0m
  [4;35;1mSQL (0.000000)[0m   [0mSHOW TABLES[0m
  [4;36;1mSQL (0.000000)[0m   [0;1mSHOW FIELDS FROM admins[0m
  [4;35;1mSQL (0.000000)[0m   [0mSHOW KEYS FROM admins[0m
  [4;36;1mSQL (0.015000)[0m   [0;1mSHOW FIELDS FROM direct_deposit_authorizations[0m
  [4;35;1mSQL (0.000000)[0m   [0mSHOW KEYS FROM direct_deposit_authorizations[0m
  [4;36;1mSQL (0.016000)[0m   [0;1mSHOW FIELDS FROM eft_batches[0m
  [4;35;1mSQL (0.000000)[0m   [0mSHOW KEYS FROM eft_batches[0m
  [4;36;1mSQL (0.031000)[0m   [0;1mSHOW FIELDS FROM form_instances[0m
  [4;35;1mSQL (0.000000)[0m   [0mSHOW KEYS FROM form_instances[0m
  [4;36;1mSQL (0.031000)[0m   [0;1mSHOW FIELDS FROM form_types[0m
  [4;35;1mSQL (0.000000)[0m   [0mSHOW KEYS FROM form_types[0m
  [4;36;1mSQL (0.000000)[0m   [0;1mSHOW FIELDS FROM goto_transactions[0m
  [4;35;1mSQL (0.000000)[0m   [0mSHOW KEYS FROM goto_transactions[0m
  [4;36;1mSQL (0.047000)[0m   [0;1mSHOW FIELDS FROM handbook_acknowledgements[0m
  [4;35;1mSQL (0.000000)[0m   [0mSHOW KEYS FROM handbook_acknowledgements[0m
  [4;36;1mSQL (0.031000)[0m   [0;1mSHOW FIELDS FROM incident_reports[0m
  [4;35;1mSQL (0.000000)[0m   [0mSHOW KEYS FROM incident_reports[0m
  [4;36;1mSQL (0.016000)[0m   [0;1mSHOW FIELDS FROM inventory_line_items[0m
  [4;35;1mSQL (0.000000)[0m   [0mSHOW KEYS FROM inventory_line_items[0m
  [4;36;1mSQL (0.015000)[0m   [0;1mSHOW FIELDS FROM inventory_reports[0m
  [4;35;1mSQL (0.094000)[0m   [0mSHOW KEYS FROM inventory_reports[0m
  [4;36;1mSQL (0.047000)[0m   [0;1mSHOW FIELDS FROM logs[0m
  [4;35;1mSQL (0.000000)[0m   [0mSHOW KEYS FROM logs[0m
  [4;36;1mSQL (0.015000)[0m   [0;1mSHOW FIELDS FROM manager_reports[0m
  [4;35;1mSQL (0.094000)[0m   [0mSHOW KEYS FROM manager_reports[0m
  [4;36;1mSQL (0.031000)[0m   [0;1mSHOW FIELDS FROM notes[0m
  [4;35;1mSQL (0.000000)[0m   [0mSHOW KEYS FROM notes[0m
  [4;36;1mSQL (0.016000)[0m   [0;1mSHOW FIELDS FROM notice_of_terminations[0m
  [4;35;1mSQL (0.000000)[0m   [0mSHOW KEYS FROM notice_of_terminations[0m
  [4;36;1mSQL (0.015000)[0m   [0;1mSHOW FIELDS FROM pending_efts[0m
  [4;35;1mSQL (0.000000)[0m   [0mSHOW KEYS FROM pending_efts[0m
  [4;36;1mSQL (0.032000)[0m   [0;1mSHOW FIELDS FROM performance_reviews[0m
  [4;35;1mSQL (0.000000)[0m   [0mSHOW KEYS FROM performance_reviews[0m
  [4;36;1mSQL (0.109000)[0m   [0;1mSHOW FIELDS FROM posts[0m
  [4;35;1mSQL (0.000000)[0m   [0mSHOW KEYS FROM posts[0m
  [4;36;1mSQL (0.016000)[0m   [0;1mSHOW FIELDS FROM sales_reports[0m
  [4;35;1mSQL (0.000000)[0m   [0mSHOW KEYS FROM sales_reports[0m
  [4;36;1mSQL (0.015000)[0m   [0;1mSHOW FIELDS FROM satellite_statuses[0m
  [4;35;1mSQL (0.063000)[0m   [0mSHOW KEYS FROM satellite_statuses[0m
  [4;36;1mSQL (0.000000)[0m   [0;1mSHOW FIELDS FROM stores[0m
  [4;35;1mSQL (0.000000)[0m   [0mSHOW KEYS FROM stores[0m
  [4;36;1mSQL (0.015000)[0m   [0;1mSHOW FIELDS FROM time_off_requests[0m
  [4;35;1mSQL (0.110000)[0m   [0mSHOW KEYS FROM time_off_requests[0m
  [4;36;1mSQL (0.015000)[0m   [0;1mSHOW FIELDS FROM users[0m
  [4;35;1mSQL (0.000000)[0m   [0mSHOW KEYS FROM users[0m
  [4;36;1mSQL (0.016000)[0m   [0;1mSHOW FIELDS FROM verbal_warnings[0m
  [4;35;1mSQL (0.000000)[0m   [0mSHOW KEYS FROM verbal_warnings[0m
  [4;36;1mSQL (0.000000)[0m   [0;1mSHOW FIELDS FROM wildcard_forms[0m
  [4;35;1mSQL (0.000000)[0m   [0mSHOW KEYS FROM wildcard_forms[0m
  [4;36;1mSQL (0.015000)[0m   [0;1mSHOW FIELDS FROM written_warnings[0m
  [4;35;1mSQL (0.000000)[0m   [0mSHOW KEYS FROM written_warnings[0m
  [4;36;1mSQL (0.000000)[0m   [0;1mSET SQL_AUTO_IS_NULL=0[0m
  [4;35;1mSQL (0.000000)[0m   [0mMysql::Error: Table 'schema_info' already exists: CREATE TABLE schema_info (version int(11))[0m
  [4;36;1mSQL (0.000000)[0m   [0;1mMysql::Error: Table 'schema_info' already exists: CREATE TABLE schema_info (version int(11))[0m
  [4;35;1mSQL (0.000000)[0m   [0mSELECT version FROM schema_info[0m
  [4;36;1mSQL (0.000000)[0m   [0;1mSELECT version FROM schema_info[0m
  [4;35;1mSQL (0.000000)[0m   [0mSELECT version FROM schema_info[0m
  [4;36;1mSQL (0.000000)[0m   [0;1mSELECT version FROM schema_info[0m
  [4;35;1mSQL (0.000000)[0m   [0mSELECT version FROM schema_info[0m
  [4;36;1mSQL (0.000000)[0m   [0;1mSELECT version FROM schema_info[0m
  [4;35;1mSQL (0.000000)[0m   [0mSELECT version FROM schema_info[0m
  [4;36;1mSQL (0.000000)[0m   [0;1mSELECT version FROM schema_info[0m
  [4;35;1mSQL (0.000000)[0m   [0mSELECT version FROM schema_info[0m
  [4;36;1mSQL (0.000000)[0m   [0;1mSELECT version FROM schema_info[0m
  [4;35;1mSQL (0.000000)[0m   [0mSELECT version FROM schema_info[0m
  [4;36;1mSQL (0.000000)[0m   [0;1mSELECT version FROM schema_info[0m
  [4;35;1mSQL (0.000000)[0m   [0mSELECT version FROM schema_info[0m
  [4;36;1mSQL (0.000000)[0m   [0;1mSELECT version FROM schema_info[0m
  [4;35;1mSQL (0.000000)[0m   [0mSELECT version FROM schema_info[0m
  [4;36;1mSQL (0.000000)[0m   [0;1mSELECT version FROM schema_info[0m
  [4;35;1mSQL (0.016000)[0m   [0mSELECT version FROM schema_info[0m
  [4;36;1mSQL (0.000000)[0m   [0;1mSELECT version FROM schema_info[0m
  [4;35;1mSQL (0.000000)[0m   [0mSELECT version FROM schema_info[0m
  [4;36;1mSQL (0.000000)[0m   [0;1mSELECT version FROM schema_info[0m
  [4;35;1mSQL (0.000000)[0m   [0mSELECT version FROM schema_info[0m
  [4;36;1mSQL (0.000000)[0m   [0;1mSELECT version FROM schema_info[0m
  [4;35;1mSQL (0.000000)[0m   [0mSELECT version FROM schema_info[0m
  [4;36;1mSQL (0.000000)[0m   [0;1mSELECT version FROM schema_info[0m
  [4;35;1mSQL (0.000000)[0m   [0mSELECT version FROM schema_info[0m
  [4;36;1mSQL (0.000000)[0m   [0;1mSELECT version FROM schema_info[0m
  [4;35;1mSQL (0.000000)[0m   [0mSELECT version FROM schema_info[0m
  [4;36;1mSQL (0.000000)[0m   [0;1mSELECT version FROM schema_info[0m
  [4;35;1mSQL (0.000000)[0m   [0mSELECT version FROM schema_info[0m
  [4;36;1mSQL (0.000000)[0m   [0;1mSELECT version FROM schema_info[0m
  [4;35;1mSQL (0.062000)[0m   [0mSELECT version FROM schema_info[0m
  [4;36;1mSQL (0.000000)[0m   [0;1mSELECT version FROM schema_info[0m
  [4;35;1mSQL (0.000000)[0m   [0mSELECT version FROM schema_info[0m
  [4;36;1mSQL (0.000000)[0m   [0;1mSELECT version FROM schema_info[0m
  [4;35;1mSQL (0.000000)[0m   [0mSELECT version FROM schema_info[0m
  [4;36;1mSQL (0.000000)[0m   [0;1mSELECT version FROM schema_info[0m
  [4;35;1mSQL (0.000000)[0m   [0mSELECT version FROM schema_info[0m
  [4;36;1mSQL (0.000000)[0m   [0;1mSELECT version FROM schema_info[0m
Migrating to WarningsReeditable (38)
  [4;35;1mSQL (0.031000)[0m   [0mUPDATE form_types SET reeditable=1 WHERE name="WrittenWarning" OR name="VerbalWarning"[0m
  [4;36;1mSQL (0.000000)[0m   [0;1mUPDATE schema_info SET version = 38[0m
  [4;35;1mSQL (0.000000)[0m   [0mSELECT version FROM schema_info[0m
Migrating to AddInformationalField (39)
  [4;36;1mSQL (3.281000)[0m   [0;1mALTER TABLE goto_transactions ADD `information` varchar(255)[0m
  [4;35;1mSQL (0.000000)[0m   [0mUPDATE schema_info SET version = 39[0m
  [4;36;1mSQL (0.000000)[0m   [0;1mSELECT * FROM schema_info[0m
  [4;35;1mSQL (0.000000)[0m   [0mSHOW TABLES[0m
  [4;36;1mSQL (0.078000)[0m   [0;1mSHOW FIELDS FROM admins[0m
  [4;35;1mSQL (0.141000)[0m   [0mSHOW KEYS FROM admins[0m
  [4;36;1mSQL (0.031000)[0m   [0;1mSHOW FIELDS FROM direct_deposit_authorizations[0m
  [4;35;1mSQL (0.219000)[0m   [0mSHOW KEYS FROM direct_deposit_authorizations[0m
  [4;36;1mSQL (0.000000)[0m   [0;1mSHOW FIELDS FROM eft_batches[0m
  [4;35;1mSQL (0.125000)[0m   [0mSHOW KEYS FROM eft_batches[0m
  [4;36;1mSQL (0.016000)[0m   [0;1mSHOW FIELDS FROM form_instances[0m
  [4;35;1mSQL (0.187000)[0m   [0mSHOW KEYS FROM form_instances[0m
  [4;36;1mSQL (0.000000)[0m   [0;1mSHOW FIELDS FROM form_types[0m
  [4;35;1mSQL (0.094000)[0m   [0mSHOW KEYS FROM form_types[0m
  [4;36;1mSQL (0.000000)[0m   [0;1mSHOW FIELDS FROM goto_transactions[0m
  [4;35;1mSQL (0.312000)[0m   [0mSHOW KEYS FROM goto_transactions[0m
  [4;36;1mSQL (0.016000)[0m   [0;1mSHOW FIELDS FROM handbook_acknowledgements[0m
  [4;35;1mSQL (0.063000)[0m   [0mSHOW KEYS FROM handbook_acknowledgements[0m
  [4;36;1mSQL (0.015000)[0m   [0;1mSHOW FIELDS FROM incident_reports[0m
  [4;35;1mSQL (0.094000)[0m   [0mSHOW KEYS FROM incident_reports[0m
  [4;36;1mSQL (0.016000)[0m   [0;1mSHOW FIELDS FROM inventory_line_items[0m
  [4;35;1mSQL (0.140000)[0m   [0mSHOW KEYS FROM inventory_line_items[0m
  [4;36;1mSQL (0.031000)[0m   [0;1mSHOW FIELDS FROM inventory_reports[0m
  [4;35;1mSQL (0.204000)[0m   [0mSHOW KEYS FROM inventory_reports[0m
  [4;36;1mSQL (0.046000)[0m   [0;1mSHOW FIELDS FROM logs[0m
  [4;35;1mSQL (0.141000)[0m   [0mSHOW KEYS FROM logs[0m
  [4;36;1mSQL (0.000000)[0m   [0;1mSHOW FIELDS FROM manager_reports[0m
  [4;35;1mSQL (0.328000)[0m   [0mSHOW KEYS FROM manager_reports[0m
  [4;36;1mSQL (0.015000)[0m   [0;1mSHOW FIELDS FROM notes[0m
  [4;35;1mSQL (0.094000)[0m   [0mSHOW KEYS FROM notes[0m
  [4;36;1mSQL (0.031000)[0m   [0;1mSHOW FIELDS FROM notice_of_terminations[0m
  [4;35;1mSQL (0.157000)[0m   [0mSHOW KEYS FROM notice_of_terminations[0m
  [4;36;1mSQL (0.015000)[0m   [0;1mSHOW FIELDS FROM pending_efts[0m
  [4;35;1mSQL (0.094000)[0m   [0mSHOW KEYS FROM pending_efts[0m
  [4;36;1mSQL (0.015000)[0m   [0;1mSHOW FIELDS FROM performance_reviews[0m
  [4;35;1mSQL (0.235000)[0m   [0mSHOW KEYS FROM performance_reviews[0m
  [4;36;1mSQL (0.015000)[0m   [0;1mSHOW FIELDS FROM posts[0m
  [4;35;1mSQL (0.141000)[0m   [0mSHOW KEYS FROM posts[0m
  [4;36;1mSQL (0.015000)[0m   [0;1mSHOW FIELDS FROM sales_reports[0m
  [4;35;1mSQL (0.219000)[0m   [0mSHOW KEYS FROM sales_reports[0m
  [4;36;1mSQL (0.016000)[0m   [0;1mSHOW FIELDS FROM satellite_statuses[0m
  [4;35;1mSQL (0.125000)[0m   [0mSHOW KEYS FROM satellite_statuses[0m
  [4;36;1mSQL (0.046000)[0m   [0;1mSHOW FIELDS FROM stores[0m
  [4;35;1mSQL (0.203000)[0m   [0mSHOW KEYS FROM stores[0m
  [4;36;1mSQL (0.000000)[0m   [0;1mSHOW FIELDS FROM time_off_requests[0m
  [4;35;1mSQL (0.141000)[0m   [0mSHOW KEYS FROM time_off_requests[0m
  [4;36;1mSQL (0.015000)[0m   [0;1mSHOW FIELDS FROM users[0m
  [4;35;1mSQL (0.219000)[0m   [0mSHOW KEYS FROM users[0m
  [4;36;1mSQL (0.016000)[0m   [0;1mSHOW FIELDS FROM verbal_warnings[0m
  [4;35;1mSQL (0.156000)[0m   [0mSHOW KEYS FROM verbal_warnings[0m
  [4;36;1mSQL (0.016000)[0m   [0;1mSHOW FIELDS FROM wildcard_forms[0m
  [4;35;1mSQL (0.047000)[0m   [0mSHOW KEYS FROM wildcard_forms[0m
  [4;36;1mSQL (0.031000)[0m   [0;1mSHOW FIELDS FROM written_warnings[0m
  [4;35;1mSQL (0.172000)[0m   [0mSHOW KEYS FROM written_warnings[0m
